<?xml version="1.0" encoding="UTF-8"?>
<!-- Generated by org.testng.reporters.JUnitReportReporter -->
<testsuite hostname="mohammad" failures="0" tests="4" name="test.CreateAccoutTest1" time="2.916" errors="0" timestamp="2025-08-11T17:39:50 EET" skipped="3">
  <testcase classname="test.CreateAccoutTest1" name="testPasswordShort" time="2.916"/>
  <testcase classname="test.CreateAccoutTest1" name="testMismatchedPasswords">
    <skipped/>
  </testcase> <!-- testMismatchedPasswords -->
  <testcase classname="test.CreateAccoutTest1" name="testInvalidEmail">
    <skipped/>
  </testcase> <!-- testInvalidEmail -->
  <testcase classname="test.CreateAccoutTest1" name="testSubmitForm">
    <skipped/>
  </testcase> <!-- testSubmitForm -->
</testsuite> <!-- test.CreateAccoutTest1 -->
