<?xml version="1.0" encoding="UTF-8"?>
<!-- Generated by org.testng.reporters.JUnitReportReporter -->
<testsuite hostname="mohammad" failures="0" tests="4" name="test.CreateAccoutTest1" time="21.342" errors="0" timestamp="2025-08-15T15:50:09 EET" skipped="0">
  <testcase classname="test.CreateAccoutTest1" name="testSubmitForm" time="11.459"/>
  <testcase classname="test.CreateAccoutTest1" name="testInvalidEmail" time="3.452"/>
  <testcase classname="test.CreateAccoutTest1" name="testMismatchedPasswords" time="4.357"/>
  <testcase classname="test.CreateAccoutTest1" name="testPasswordShort" time="2.074"/>
</testsuite> <!-- test.CreateAccoutTest1 -->
